<?xml version="1.0" encoding="UTF-8"?>
<testsuites>
  <testsuite name="/home/pouria/Desktop/Connect/phpunit.xml" tests="8" assertions="20" errors="0" failures="2" skipped="0" time="0.594680">
    <testsuite name="Feature" tests="8" assertions="20" errors="0" failures="2" skipped="0" time="0.594680">
      <testsuite name="Tests\Feature\AuthControllerTest" file="/home/pouria/Desktop/Connect/tests/Feature/AuthControllerTest.php" tests="8" assertions="20" errors="0" failures="2" skipped="0" time="0.594680">
        <testcase name="test_user_can_request_otp" file="/home/pouria/Desktop/Connect/tests/Feature/AuthControllerTest.php" line="14" class="Tests\Feature\AuthControllerTest" classname="Tests.Feature.AuthControllerTest" assertions="4" time="0.382742"/>
        <testcase name="test_user_can_verify_otp" file="/home/pouria/Desktop/Connect/tests/Feature/AuthControllerTest.php" line="31" class="Tests\Feature\AuthControllerTest" classname="Tests.Feature.AuthControllerTest" assertions="4" time="0.031337"/>
        <testcase name="test_user_cannot_verify_expired_otp" file="/home/pouria/Desktop/Connect/tests/Feature/AuthControllerTest.php" line="57" class="Tests\Feature\AuthControllerTest" classname="Tests.Feature.AuthControllerTest" assertions="2" time="0.024275"/>
        <testcase name="test_user_cannot_verify_used_otp" file="/home/pouria/Desktop/Connect/tests/Feature/AuthControllerTest.php" line="77" class="Tests\Feature\AuthControllerTest" classname="Tests.Feature.AuthControllerTest" assertions="2" time="0.026420"/>
        <testcase name="test_existing_user_can_login_with_valid_otp" file="/home/pouria/Desktop/Connect/tests/Feature/AuthControllerTest.php" line="97" class="Tests\Feature\AuthControllerTest" classname="Tests.Feature.AuthControllerTest" assertions="4" time="0.032432"/>
        <testcase name="test_user_can_register_with_valid_otp" file="/home/pouria/Desktop/Connect/tests/Feature/AuthControllerTest.php" line="123" class="Tests\Feature\AuthControllerTest" classname="Tests.Feature.AuthControllerTest" assertions="1" time="0.047831">
          <failure type="PHPUnit\Framework\ExpectationFailedException">Tests\Feature\AuthControllerTest::test_user_can_register_with_valid_otp
Expected response status code [200] but received 500.
Failed asserting that 500 is identical to 200.

/home/pouria/Desktop/Connect/vendor/laravel/framework/src/Illuminate/Testing/TestResponseAssert.php:45
/home/pouria/Desktop/Connect/vendor/laravel/framework/src/Illuminate/Testing/TestResponse.php:159
/home/pouria/Desktop/Connect/tests/Feature/AuthControllerTest.php:148</failure>
        </testcase>
        <testcase name="test_user_cannot_register_without_verifying_otp" file="/home/pouria/Desktop/Connect/tests/Feature/AuthControllerTest.php" line="166" class="Tests\Feature\AuthControllerTest" classname="Tests.Feature.AuthControllerTest" assertions="2" time="0.021771"/>
        <testcase name="test_user_can_register_with_referral_code" file="/home/pouria/Desktop/Connect/tests/Feature/AuthControllerTest.php" line="183" class="Tests\Feature\AuthControllerTest" classname="Tests.Feature.AuthControllerTest" assertions="1" time="0.027871">
          <failure type="PHPUnit\Framework\ExpectationFailedException">Tests\Feature\AuthControllerTest::test_user_can_register_with_referral_code
Expected response status code [200] but received 500.
Failed asserting that 500 is identical to 200.

/home/pouria/Desktop/Connect/vendor/laravel/framework/src/Illuminate/Testing/TestResponseAssert.php:45
/home/pouria/Desktop/Connect/vendor/laravel/framework/src/Illuminate/Testing/TestResponse.php:159
/home/pouria/Desktop/Connect/tests/Feature/AuthControllerTest.php:212</failure>
        </testcase>
      </testsuite>
    </testsuite>
  </testsuite>
</testsuites>
